<?xml version="1.0" encoding="UTF-8"?>
<!-- Generated by org.testng.reporters.JUnitXMLReporter -->
<testsuite ignored="8" hostname="msi" failures="0" tests="1" name="Test" time="6.114" errors="0" timestamp="2024-05-15T10:38:18 IST">
  <testcase classname="tc_Repo.Ad_01" name="Adminmodule" time="4.86"/>
  <testcase classname="genericLibraryOrUtility.BaseClass" name="@BeforeSuite launchBrowser" time="0.0">
    <ignored/>
  </testcase> <!-- @BeforeSuite launchBrowser -->
  <testcase classname="genericLibraryOrUtility.BaseClass" name="@BeforeSuite launchBrowser" time="0.0">
    <ignored/>
  </testcase> <!-- @BeforeSuite launchBrowser -->
  <testcase classname="genericLibraryOrUtility.BaseClass" name="@BeforeSuite connectdb" time="0.0">
    <ignored/>
  </testcase> <!-- @BeforeSuite connectdb -->
  <testcase classname="genericLibraryOrUtility.BaseClass" name="@BeforeSuite connectdb" time="0.0">
    <ignored/>
  </testcase> <!-- @BeforeSuite connectdb -->
  <testcase classname="genericLibraryOrUtility.BaseClass" name="@AfterSuite closeDbCOnnection" time="0.0">
    <ignored/>
  </testcase> <!-- @AfterSuite closeDbCOnnection -->
  <testcase classname="genericLibraryOrUtility.BaseClass" name="@AfterSuite closeDbCOnnection" time="0.0">
    <ignored/>
  </testcase> <!-- @AfterSuite closeDbCOnnection -->
  <testcase classname="genericLibraryOrUtility.BaseClass" name="@BeforeSuite loginuser" time="0.0">
    <ignored/>
  </testcase> <!-- @BeforeSuite loginuser -->
  <testcase classname="genericLibraryOrUtility.BaseClass" name="@BeforeSuite loginuser" time="0.0">
    <ignored/>
  </testcase> <!-- @BeforeSuite loginuser -->
</testsuite> <!-- Test -->
