<?xml version="1.0" encoding="UTF-8"?>
<testng-results ignored="0" total="1" passed="1" failed="0" skipped="0">
  <reporter-output>
  </reporter-output>
  <suite started-at="2024-05-16T09:59:41 IST" name="Default suite" finished-at="2024-05-16T09:59:47 IST" duration-ms="5659">
    <groups>
    </groups>
    <test started-at="2024-05-16T09:59:41 IST" name="Default test" finished-at="2024-05-16T09:59:47 IST" duration-ms="5659">
      <class name="tc_Repo.Ad_01">
        <test-method is-config="true" signature="connectdb()[pri:0, instance:tc_Repo.Ad_01@4efac082]" started-at="2024-05-16T09:59:33 IST" name="connectdb" finished-at="2024-05-16T09:59:33 IST" duration-ms="6" status="PASS">
          <reporter-output>
          </reporter-output>
        </test-method> <!-- connectdb -->
        <test-method is-config="true" signature="launchBrowser()[pri:0, instance:tc_Repo.Ad_01@4efac082]" started-at="2024-05-16T09:59:33 IST" name="launchBrowser" finished-at="2024-05-16T09:59:40 IST" duration-ms="6737" status="PASS">
          <reporter-output>
          </reporter-output>
        </test-method> <!-- launchBrowser -->
        <test-method is-config="true" signature="loginuser()[pri:0, instance:tc_Repo.Ad_01@4efac082]" started-at="2024-05-16T09:59:40 IST" name="loginuser" finished-at="2024-05-16T09:59:41 IST" duration-ms="918" status="PASS">
          <reporter-output>
          </reporter-output>
        </test-method> <!-- loginuser -->
        <test-method signature="Adminmodule()[pri:0, instance:tc_Repo.Ad_01@4efac082]" started-at="2024-05-16T09:59:41 IST" name="Adminmodule" finished-at="2024-05-16T09:59:46 IST" duration-ms="4608" status="PASS">
          <reporter-output>
          </reporter-output>
        </test-method> <!-- Adminmodule -->
        <test-method is-config="true" signature="logout()[pri:0, instance:tc_Repo.Ad_01@4efac082]" started-at="2024-05-16T09:59:46 IST" name="logout" finished-at="2024-05-16T09:59:47 IST" duration-ms="886" status="PASS">
          <reporter-output>
          </reporter-output>
        </test-method> <!-- logout -->
        <test-method is-config="true" signature="closeBrowser()[pri:0, instance:tc_Repo.Ad_01@4efac082]" started-at="2024-05-16T09:59:47 IST" name="closeBrowser" finished-at="2024-05-16T09:59:47 IST" duration-ms="133" status="PASS">
          <reporter-output>
          </reporter-output>
        </test-method> <!-- closeBrowser -->
        <test-method is-config="true" signature="closeDbCOnnection()[pri:0, instance:tc_Repo.Ad_01@4efac082]" started-at="2024-05-16T09:59:47 IST" name="closeDbCOnnection" finished-at="2024-05-16T09:59:47 IST" duration-ms="1" status="PASS">
          <reporter-output>
          </reporter-output>
        </test-method> <!-- closeDbCOnnection -->
      </class> <!-- tc_Repo.Ad_01 -->
    </test> <!-- Default test -->
  </suite> <!-- Default suite -->
</testng-results>
